<?xml version="1.0" encoding="UTF-8"?>
<!-- Generated by org.testng.reporters.JUnitReportReporter -->
<testsuite name="com.qmetry.qaf.automation.step.client.Scenario" tests="1" time="13.891" ignored="0" failures="0" timestamp="02 Oct 2018 07:49:10 GMT" skipped="0" hostname="MANU-6030QWL-LX" errors="0">
  <testcase name="SampleTest" time="13.891" classname="com.qmetry.qaf.automation.step.client.Scenario"/>
</testsuite> <!-- com.qmetry.qaf.automation.step.client.Scenario -->
