<?xml version="1.0" encoding="UTF-8"?>
<!-- Generated by org.testng.reporters.JUnitReportReporter -->
<testsuite name="qaf.example.tests.SampleTest" tests="1" time="10.384" ignored="0" failures="0" timestamp="02 Oct 2018 07:49:10 GMT" skipped="0" hostname="MANU-6030QWL-LX" errors="0">
  <testcase name="testGoogleSearch" time="10.384" classname="qaf.example.tests.SampleTest"/>
</testsuite> <!-- qaf.example.tests.SampleTest -->
