<?xml version="1.0" encoding="UTF-8"?>
<!-- Generated by org.testng.reporters.JUnitReportReporter -->
<testsuite name="qaf.example.tests.SampleTest" tests="1" time="12.930" ignored="0" failures="0" timestamp="02 Oct 2018 07:55:55 GMT" skipped="0" hostname="MANU-6030QWL-LX" errors="0">
  <testcase name="testGoogleSearch" time="12.930" classname="qaf.example.tests.SampleTest"/>
</testsuite> <!-- qaf.example.tests.SampleTest -->
